app/build/intermediates/manifest_merge_blame_file/debug/processDebugMainManifest/manifest-merger-blame-debug-report.txt
1<?xml version="1.0" encoding="utf-8"?>
2<manifest xmlns:android="http://schemas.android.com/apk/res/android"
3    package="com.webviewgold.myappname"
4    android:versionCode="1"
5    android:versionName="1.0" >
6
7    <uses-sdk
8        android:minSdkVersion="23"
9        android:targetSdkVersion="35" />
10
11    <uses-permission android:name="android.permission.INTERNET" />
11-->src/main/AndroidManifest.xml:6:5-67
11-->src/main/AndroidManifest.xml:6:22-64
12    <uses-permission android:name="android.permission.ACCESS_NETWORK_STATE" />
12-->src/main/AndroidManifest.xml:7:5-79
12-->src/main/AndroidManifest.xml:7:22-76
13    <uses-permission android:name="android.permission.ACCESS_FINE_LOCATION" />
13-->src/main/AndroidManifest.xml:8:5-79
13-->src/main/AndroidManifest.xml:8:22-76
14    <uses-permission android:name="android.permission.ACCESS_COARSE_LOCATION" />
14-->src/main/AndroidManifest.xml:9:5-81
14-->src/main/AndroidManifest.xml:9:22-78
15    <!--
16    Uncomment the following section (beside section #2 bewlow) your application requires background location services (when `requireBackgroundLocation` is set to "true" in "Config.java") -
17    <uses-permission android:name="android.permission.ACCESS_BACKGROUND_LOCATION" />
18    <uses-permission android:name="android.permission.FOREGROUND_SERVICE_LOCATION" />
19    -->
20    <uses-permission android:name="android.permission.READ_EXTERNAL_STORAGE" />
20-->src/main/AndroidManifest.xml:13:5-80
20-->src/main/AndroidManifest.xml:13:22-77
21    <uses-permission android:name="android.permission.WRITE_EXTERNAL_STORAGE" />
21-->src/main/AndroidManifest.xml:14:5-81
21-->src/main/AndroidManifest.xml:14:22-78
22    <uses-permission android:name="android.permission.CAMERA" />
22-->src/main/AndroidManifest.xml:15:5-65
22-->src/main/AndroidManifest.xml:15:22-62
23    <uses-permission android:name="android.webkit.PermissionRequest" />
23-->src/main/AndroidManifest.xml:16:5-72
23-->src/main/AndroidManifest.xml:16:22-69
24    <uses-permission android:name="com.android.vending.BILLING" />
24-->src/main/AndroidManifest.xml:17:5-67
24-->src/main/AndroidManifest.xml:17:22-64
25    <uses-permission android:name="com.android.vending.CHECK_LICENSE" />
25-->src/main/AndroidManifest.xml:18:5-73
25-->src/main/AndroidManifest.xml:18:22-70
26    <uses-permission android:name="android.permission.RECORD_AUDIO" />
26-->src/main/AndroidManifest.xml:19:5-71
26-->src/main/AndroidManifest.xml:19:22-68
27    <uses-permission android:name="android.permission.MODIFY_AUDIO_SETTINGS" />
27-->src/main/AndroidManifest.xml:20:5-80
27-->src/main/AndroidManifest.xml:20:22-77
28    <uses-permission android:name="com.google.android.gms.permission.AD_ID" />
28-->src/main/AndroidManifest.xml:21:5-78
28-->src/main/AndroidManifest.xml:21:22-76
29    <uses-permission android:name="android.permission.POST_NOTIFICATIONS" />
29-->src/main/AndroidManifest.xml:22:5-76
29-->src/main/AndroidManifest.xml:22:22-74
30    <uses-permission android:name="android.permission.DOWNLOAD_WITHOUT_NOTIFICATION" />
30-->src/main/AndroidManifest.xml:23:5-88
30-->src/main/AndroidManifest.xml:23:22-85
31
32    <uses-feature android:name="android.hardware.camera" />
32-->src/main/AndroidManifest.xml:25:5-60
32-->src/main/AndroidManifest.xml:25:19-57
33
34    <queries>
34-->src/main/AndroidManifest.xml:27:5-38:15
35        <intent>
35-->src/main/AndroidManifest.xml:28:9-30:18
36            <action android:name="android.media.action.IMAGE_CAPTURE" />
36-->src/main/AndroidManifest.xml:29:13-73
36-->src/main/AndroidManifest.xml:29:21-70
37        </intent>
38        <intent>
38-->src/main/AndroidManifest.xml:31:9-33:18
39            <action android:name="android.media.action.ACTION_VIDEO_CAPTURE" />
39-->src/main/AndroidManifest.xml:32:13-80
39-->src/main/AndroidManifest.xml:32:21-77
40        </intent>
41        <intent>
41-->src/main/AndroidManifest.xml:34:9-37:18
42            <action android:name="android.intent.action.VIEW" />
42-->src/main/AndroidManifest.xml:35:13-65
42-->src/main/AndroidManifest.xml:35:21-62
43
44            <data android:mimeType="text/calendar" />
44-->src/main/AndroidManifest.xml:36:13-54
44-->src/main/AndroidManifest.xml:36:19-51
45        </intent>
46        <intent>
46-->[com.android.billingclient:billing:7.0.0] AndroidManifest.xml:13:9-15:18
47            <action android:name="com.android.vending.billing.InAppBillingService.BIND" />
47-->[com.android.billingclient:billing:7.0.0] AndroidManifest.xml:14:13-91
47-->[com.android.billingclient:billing:7.0.0] AndroidManifest.xml:14:21-88
48        </intent> <!-- For browser content -->
49        <intent>
49-->[com.google.android.gms:play-services-ads-lite:22.1.0] AndroidManifest.xml:35:9-41:18
50            <action android:name="android.intent.action.VIEW" />
50-->src/main/AndroidManifest.xml:35:13-65
50-->src/main/AndroidManifest.xml:35:21-62
51
52            <category android:name="android.intent.category.BROWSABLE" />
52-->src/main/AndroidManifest.xml:132:17-78
52-->src/main/AndroidManifest.xml:132:27-75
53
54            <data android:scheme="https" />
54-->src/main/AndroidManifest.xml:36:13-54
54-->src/main/AndroidManifest.xml:136:21-43
55        </intent> <!-- End of browser content -->
56        <!-- For CustomTabsService -->
57        <intent>
57-->[com.google.android.gms:play-services-ads-lite:22.1.0] AndroidManifest.xml:44:9-46:18
58            <action android:name="android.support.customtabs.action.CustomTabsService" />
58-->[com.google.android.gms:play-services-ads-lite:22.1.0] AndroidManifest.xml:45:13-90
58-->[com.google.android.gms:play-services-ads-lite:22.1.0] AndroidManifest.xml:45:21-87
59        </intent>
60        <intent>
60-->[com.pushwoosh:pushwoosh:6.7.10] AndroidManifest.xml:32:9-38:18
61            <action android:name="android.intent.action.VIEW" />
61-->src/main/AndroidManifest.xml:35:13-65
61-->src/main/AndroidManifest.xml:35:21-62
62
63            <category android:name="android.intent.category.BROWSABLE" />
63-->src/main/AndroidManifest.xml:132:17-78
63-->src/main/AndroidManifest.xml:132:27-75
64
65            <data android:scheme="http" />
65-->src/main/AndroidManifest.xml:36:13-54
65-->src/main/AndroidManifest.xml:136:21-43
66        </intent>
67
68        <package android:name="com.facebook.katana" />
68-->[com.facebook.android:audience-network-sdk:6.17.0] AndroidManifest.xml:12:9-55
68-->[com.facebook.android:audience-network-sdk:6.17.0] AndroidManifest.xml:12:18-52
69    </queries>
70
71    <!-- Create a unique permission for your app and use it so only your app can receive your OneSignal messages. -->
72    <permission
72-->[com.onesignal:OneSignal:4.8.11] AndroidManifest.xml:7:5-9:47
73        android:name="com.webviewgold.myappname.permission.C2D_MESSAGE"
73-->[com.onesignal:OneSignal:4.8.11] AndroidManifest.xml:8:9-63
74        android:protectionLevel="signature" />
74-->[com.onesignal:OneSignal:4.8.11] AndroidManifest.xml:9:9-44
75
76    <uses-permission android:name="com.webviewgold.myappname.permission.C2D_MESSAGE" /> <!-- c2dm RECEIVE are basic requirements for push messages through Google's FCM -->
76-->[com.onesignal:OneSignal:4.8.11] AndroidManifest.xml:11:5-79
76-->[com.onesignal:OneSignal:4.8.11] AndroidManifest.xml:11:22-76
77    <uses-permission android:name="com.google.android.c2dm.permission.RECEIVE" /> <!-- Required, makes sure notifications are delivered on time. -->
77-->[com.onesignal:OneSignal:4.8.11] AndroidManifest.xml:18:5-82
77-->[com.onesignal:OneSignal:4.8.11] AndroidManifest.xml:18:22-79
78    <uses-permission android:name="android.permission.WAKE_LOCK" />
78-->[com.onesignal:OneSignal:4.8.11] AndroidManifest.xml:19:5-68
78-->[com.onesignal:OneSignal:4.8.11] AndroidManifest.xml:19:22-65
79    <!--
80 Required so the device vibrates on receiving a push notification.
81         Vibration settings of the device still apply.
82    -->
83    <uses-permission android:name="android.permission.VIBRATE" />
83-->[com.onesignal:OneSignal:4.8.11] AndroidManifest.xml:24:5-66
83-->[com.onesignal:OneSignal:4.8.11] AndroidManifest.xml:24:22-63
84    <!--
85 Use to restore notifications the user hasn't interacted with.
86         They could be missed notifications if the user reboots their device if this isn't in place.
87    -->
88    <uses-permission android:name="android.permission.RECEIVE_BOOT_COMPLETED" /> <!-- START: ShortcutBadger -->
88-->[com.onesignal:OneSignal:4.8.11] AndroidManifest.xml:30:5-81
88-->[com.onesignal:OneSignal:4.8.11] AndroidManifest.xml:30:22-78
89    <!-- Samsung -->
90    <uses-permission android:name="com.sec.android.provider.badge.permission.READ" />
90-->[com.onesignal:OneSignal:4.8.11] AndroidManifest.xml:32:5-86
90-->[com.onesignal:OneSignal:4.8.11] AndroidManifest.xml:32:22-83
91    <uses-permission android:name="com.sec.android.provider.badge.permission.WRITE" /> <!-- HTC -->
91-->[com.onesignal:OneSignal:4.8.11] AndroidManifest.xml:33:5-87
91-->[com.onesignal:OneSignal:4.8.11] AndroidManifest.xml:33:22-84
92    <uses-permission android:name="com.htc.launcher.permission.READ_SETTINGS" />
92-->[com.onesignal:OneSignal:4.8.11] AndroidManifest.xml:34:5-81
92-->[com.onesignal:OneSignal:4.8.11] AndroidManifest.xml:34:22-78
93    <uses-permission android:name="com.htc.launcher.permission.UPDATE_SHORTCUT" /> <!-- Sony -->
93-->[com.onesignal:OneSignal:4.8.11] AndroidManifest.xml:35:5-83
93-->[com.onesignal:OneSignal:4.8.11] AndroidManifest.xml:35:22-80
94    <uses-permission android:name="com.sonyericsson.home.permission.BROADCAST_BADGE" />
94-->[com.onesignal:OneSignal:4.8.11] AndroidManifest.xml:36:5-88
94-->[com.onesignal:OneSignal:4.8.11] AndroidManifest.xml:36:22-85
95    <uses-permission android:name="com.sonymobile.home.permission.PROVIDER_INSERT_BADGE" /> <!-- Apex -->
95-->[com.onesignal:OneSignal:4.8.11] AndroidManifest.xml:37:5-92
95-->[com.onesignal:OneSignal:4.8.11] AndroidManifest.xml:37:22-89
96    <uses-permission android:name="com.anddoes.launcher.permission.UPDATE_COUNT" /> <!-- Solid -->
96-->[com.onesignal:OneSignal:4.8.11] AndroidManifest.xml:38:5-84
96-->[com.onesignal:OneSignal:4.8.11] AndroidManifest.xml:38:22-81
97    <uses-permission android:name="com.majeur.launcher.permission.UPDATE_BADGE" /> <!-- Huawei -->
97-->[com.onesignal:OneSignal:4.8.11] AndroidManifest.xml:39:5-83
97-->[com.onesignal:OneSignal:4.8.11] AndroidManifest.xml:39:22-80
98    <uses-permission android:name="com.huawei.android.launcher.permission.CHANGE_BADGE" />
98-->[com.onesignal:OneSignal:4.8.11] AndroidManifest.xml:40:5-91
98-->[com.onesignal:OneSignal:4.8.11] AndroidManifest.xml:40:22-88
99    <uses-permission android:name="com.huawei.android.launcher.permission.READ_SETTINGS" />
99-->[com.onesignal:OneSignal:4.8.11] AndroidManifest.xml:41:5-92
99-->[com.onesignal:OneSignal:4.8.11] AndroidManifest.xml:41:22-89
100    <uses-permission android:name="com.huawei.android.launcher.permission.WRITE_SETTINGS" /> <!-- ZUK -->
100-->[com.onesignal:OneSignal:4.8.11] AndroidManifest.xml:42:5-93
100-->[com.onesignal:OneSignal:4.8.11] AndroidManifest.xml:42:22-90
101    <uses-permission android:name="android.permission.READ_APP_BADGE" /> <!-- OPPO -->
101-->[com.onesignal:OneSignal:4.8.11] AndroidManifest.xml:43:5-73
101-->[com.onesignal:OneSignal:4.8.11] AndroidManifest.xml:43:22-70
102    <uses-permission android:name="com.oppo.launcher.permission.READ_SETTINGS" />
102-->[com.onesignal:OneSignal:4.8.11] AndroidManifest.xml:44:5-82
102-->[com.onesignal:OneSignal:4.8.11] AndroidManifest.xml:44:22-79
103    <uses-permission android:name="com.oppo.launcher.permission.WRITE_SETTINGS" /> <!-- EvMe -->
103-->[com.onesignal:OneSignal:4.8.11] AndroidManifest.xml:45:5-83
103-->[com.onesignal:OneSignal:4.8.11] AndroidManifest.xml:45:22-80
104    <uses-permission android:name="me.everything.badger.permission.BADGE_COUNT_READ" />
104-->[com.onesignal:OneSignal:4.8.11] AndroidManifest.xml:46:5-88
104-->[com.onesignal:OneSignal:4.8.11] AndroidManifest.xml:46:22-85
105    <uses-permission android:name="me.everything.badger.permission.BADGE_COUNT_WRITE" />
105-->[com.onesignal:OneSignal:4.8.11] AndroidManifest.xml:47:5-89
105-->[com.onesignal:OneSignal:4.8.11] AndroidManifest.xml:47:22-86
106    <uses-permission android:name="android.permission.USE_BIOMETRIC" /> <!-- suppress DeprecatedClassUsageInspection -->
106-->[androidx.biometric:biometric:1.1.0] AndroidManifest.xml:24:5-72
106-->[androidx.biometric:biometric:1.1.0] AndroidManifest.xml:24:22-69
107    <uses-permission android:name="android.permission.USE_FINGERPRINT" />
107-->[androidx.biometric:biometric:1.1.0] AndroidManifest.xml:27:5-74
107-->[androidx.biometric:biometric:1.1.0] AndroidManifest.xml:27:22-71
108    <uses-permission android:name="com.google.android.finsky.permission.BIND_GET_INSTALL_REFERRER_SERVICE" />
108-->[com.google.android.gms:play-services-measurement:21.1.0] AndroidManifest.xml:26:5-110
108-->[com.google.android.gms:play-services-measurement:21.1.0] AndroidManifest.xml:26:22-107
109    <uses-permission android:name="android.permission.FOREGROUND_SERVICE" />
109-->[androidx.work:work-runtime:2.8.0-alpha03] AndroidManifest.xml:26:5-77
109-->[androidx.work:work-runtime:2.8.0-alpha03] AndroidManifest.xml:26:22-74
110
111    <permission
111-->[androidx.core:core:1.9.0] AndroidManifest.xml:22:5-24:47
112        android:name="com.webviewgold.myappname.DYNAMIC_RECEIVER_NOT_EXPORTED_PERMISSION"
112-->[androidx.core:core:1.9.0] AndroidManifest.xml:23:9-81
113        android:protectionLevel="signature" />
113-->[androidx.core:core:1.9.0] AndroidManifest.xml:24:9-44
114
115    <uses-permission android:name="com.webviewgold.myappname.DYNAMIC_RECEIVER_NOT_EXPORTED_PERMISSION" />
115-->[androidx.core:core:1.9.0] AndroidManifest.xml:26:5-97
115-->[androidx.core:core:1.9.0] AndroidManifest.xml:26:22-94
116
117    <application
117-->src/main/AndroidManifest.xml:40:5-166:19
118        android:name="com.webviewgold.myappname.WebViewApp"
118-->src/main/AndroidManifest.xml:41:9-35
119        android:allowBackup="false"
119-->src/main/AndroidManifest.xml:42:9-36
120        android:appComponentFactory="androidx.core.app.CoreComponentFactory"
120-->[androidx.core:core:1.9.0] AndroidManifest.xml:28:18-86
121        android:debuggable="true"
122        android:extractNativeLibs="false"
123        android:hardwareAccelerated="true"
123-->src/main/AndroidManifest.xml:43:9-43
124        android:icon="@mipmap/ic_launcher"
124-->src/main/AndroidManifest.xml:44:9-43
125        android:label="@string/app_name"
125-->src/main/AndroidManifest.xml:45:9-41
126        android:requestLegacyExternalStorage="true"
126-->src/main/AndroidManifest.xml:46:9-52
127        android:supportsRtl="true"
127-->src/main/AndroidManifest.xml:47:9-35
128        android:testOnly="true"
129        android:theme="@style/AppTheme"
129-->src/main/AndroidManifest.xml:48:9-40
130        android:usesCleartextTraffic="true" >
130-->src/main/AndroidManifest.xml:49:9-44
131        <provider
132            android:name="com.webviewgold.myappname.GenericFileProvider"
132-->src/main/AndroidManifest.xml:53:13-48
133            android:authorities="com.webviewgold.myappname.provider"
133-->src/main/AndroidManifest.xml:54:13-60
134            android:exported="false"
134-->src/main/AndroidManifest.xml:55:13-37
135            android:grantUriPermissions="true" >
135-->src/main/AndroidManifest.xml:56:13-47
136            <meta-data
136-->src/main/AndroidManifest.xml:57:13-59:53
137                android:name="android.support.FILE_PROVIDER_PATHS"
137-->src/main/AndroidManifest.xml:58:17-67
138                android:resource="@xml/file_path" />
138-->src/main/AndroidManifest.xml:59:17-50
139        </provider>
140
141        <activity
141-->src/main/AndroidManifest.xml:68:9-78:20
142            android:name="com.webviewgold.myappname.nfc.MyNfcActivity"
142-->src/main/AndroidManifest.xml:69:13-46
143            android:exported="false" >
143-->src/main/AndroidManifest.xml:70:13-37
144            <intent-filter>
144-->src/main/AndroidManifest.xml:71:13-77:29
145                <action android:name="android.nfc.action.NDEF_DISCOVERED" />
145-->src/main/AndroidManifest.xml:72:17-77
145-->src/main/AndroidManifest.xml:72:25-74
146
147                <category android:name="android.intent.category.DEFAULT" />
147-->src/main/AndroidManifest.xml:74:17-76
147-->src/main/AndroidManifest.xml:74:27-73
148
149                <data android:mimeType="text/plain" />
149-->src/main/AndroidManifest.xml:36:13-54
149-->src/main/AndroidManifest.xml:36:19-51
150            </intent-filter>
151        </activity>
152
153        <meta-data
153-->src/main/AndroidManifest.xml:80:9-83:45
154            android:name="com.google.android.gms.version"
154-->src/main/AndroidManifest.xml:81:13-58
155            android:value="@integer/google_play_services_version" />
155-->src/main/AndroidManifest.xml:82:13-66
156        <meta-data
156-->src/main/AndroidManifest.xml:84:9-86:36
157            android:name="com.onesignal.suppressLaunchURLs"
157-->src/main/AndroidManifest.xml:85:13-60
158            android:value="true" />
158-->src/main/AndroidManifest.xml:86:13-33
159        <meta-data
159-->src/main/AndroidManifest.xml:87:9-89:52
160            android:name="com.google.android.gms.ads.APPLICATION_ID"
160-->src/main/AndroidManifest.xml:88:13-69
161            android:value="@string/admob_app_id" />
161-->src/main/AndroidManifest.xml:89:13-49
162        <meta-data
162-->src/main/AndroidManifest.xml:90:9-92:39
163            android:name="com.onesignal.NotificationOpened.DEFAULT"
163-->src/main/AndroidManifest.xml:91:13-68
164            android:value="DISABLE" />
164-->src/main/AndroidManifest.xml:92:13-36
165        <meta-data
165-->src/main/AndroidManifest.xml:94:9-92
166            android:name="com.pushwoosh.lazy_initialization"
166-->src/main/AndroidManifest.xml:94:20-68
167            android:value="true" />
167-->src/main/AndroidManifest.xml:94:69-89
168        <meta-data
168-->src/main/AndroidManifest.xml:95:9-98
169            android:name="com.pushwoosh.appid"
169-->src/main/AndroidManifest.xml:95:20-54
170            android:value="@string/pushwoosh_app_id" />
170-->src/main/AndroidManifest.xml:95:55-95
171        <meta-data
171-->src/main/AndroidManifest.xml:96:9-98
172            android:name="com.pushwoosh.senderid"
172-->src/main/AndroidManifest.xml:96:20-57
173            android:value="@string/fcm_sender_id" />
173-->src/main/AndroidManifest.xml:96:58-95
174
175        <activity android:name="com.webviewgold.myappname.SplashScreen" />
175-->src/main/AndroidManifest.xml:97:9-99:15
175-->src/main/AndroidManifest.xml:98:13-41
176        <activity
176-->src/main/AndroidManifest.xml:101:9-112:20
177            android:name="com.webviewgold.myappname.SplashScreenActivity"
177-->src/main/AndroidManifest.xml:102:13-49
178            android:exported="true"
178-->src/main/AndroidManifest.xml:104:13-36
179            android:theme="@style/Theme.App.Starting" >
179-->src/main/AndroidManifest.xml:103:13-54
180            <intent-filter>
180-->src/main/AndroidManifest.xml:107:13-110:29
181                <action android:name="android.intent.action.MAIN" />
181-->src/main/AndroidManifest.xml:108:17-69
181-->src/main/AndroidManifest.xml:108:25-66
182
183                <category android:name="android.intent.category.LAUNCHER" />
183-->src/main/AndroidManifest.xml:109:17-77
183-->src/main/AndroidManifest.xml:109:27-74
184            </intent-filter>
185        </activity>
186        <activity
186-->src/main/AndroidManifest.xml:114:9-138:20
187            android:name="com.webviewgold.myappname.MainActivity"
187-->src/main/AndroidManifest.xml:115:13-41
188            android:configChanges="keyboard|keyboardHidden|orientation|screenLayout|uiMode|screenSize|smallestScreenSize"
188-->src/main/AndroidManifest.xml:116:13-122
189            android:exported="true"
189-->src/main/AndroidManifest.xml:117:13-36
190            android:launchMode="singleTask"
190-->src/main/AndroidManifest.xml:119:13-44
191            android:screenOrientation="fullSensor"
191-->src/main/AndroidManifest.xml:118:13-51
192            android:theme="@style/AppTheme" >
192-->src/main/AndroidManifest.xml:120:13-44
193            <intent-filter>
193-->src/main/AndroidManifest.xml:122:13-125:29
194                <action android:name="intent.my.action" />
194-->src/main/AndroidManifest.xml:123:17-59
194-->src/main/AndroidManifest.xml:123:25-56
195
196                <category android:name="android.intent.category.DEFAULT" />
196-->src/main/AndroidManifest.xml:74:17-76
196-->src/main/AndroidManifest.xml:74:27-73
197            </intent-filter>
198            <intent-filter
198-->src/main/AndroidManifest.xml:126:13-137:29
199                android:autoVerify="true"
199-->src/main/AndroidManifest.xml:127:17-42
200                android:label="@string/app_name" >
200-->src/main/AndroidManifest.xml:128:17-49
201                <action android:name="android.intent.action.VIEW" />
201-->src/main/AndroidManifest.xml:35:13-65
201-->src/main/AndroidManifest.xml:35:21-62
202
203                <category android:name="android.intent.category.DEFAULT" />
203-->src/main/AndroidManifest.xml:74:17-76
203-->src/main/AndroidManifest.xml:74:27-73
204                <category android:name="android.intent.category.BROWSABLE" />
204-->src/main/AndroidManifest.xml:132:17-78
204-->src/main/AndroidManifest.xml:132:27-75
205                <!-- Accepts URIs that begin with "https://www.your-webview-site-example.com” -->
206                <data
206-->src/main/AndroidManifest.xml:36:13-54
207                    android:host="www.your-webview-site-example.com"
207-->src/main/AndroidManifest.xml:135:21-69
208                    android:scheme="https" />
208-->src/main/AndroidManifest.xml:136:21-43
209            </intent-filter>
210        </activity>
211
212        <meta-data
212-->src/main/AndroidManifest.xml:140:9-142:54
213            android:name="com.google.firebase.messaging.default_notification_icon"
213-->src/main/AndroidManifest.xml:141:13-83
214            android:resource="@mipmap/ic_launcher" />
214-->src/main/AndroidManifest.xml:142:13-51
215        <!--
216 Set color used with incoming notification messages. This is used when no color is set for the incoming
217             notification message. See README(https://goo.gl/6BKBk7) for more.
218        -->
219        <meta-data
219-->src/main/AndroidManifest.xml:147:9-149:53
220            android:name="com.google.firebase.messaging.default_notification_color"
220-->src/main/AndroidManifest.xml:148:13-84
221            android:resource="@color/colorAccent" />
221-->src/main/AndroidManifest.xml:149:13-50
222        <meta-data
222-->src/main/AndroidManifest.xml:150:9-152:71
223            android:name="com.google.firebase.messaging.default_notification_channel_id"
223-->src/main/AndroidManifest.xml:151:13-89
224            android:value="@string/default_notification_channel_id" />
224-->src/main/AndroidManifest.xml:152:13-68
225
226        <!-- Section #2: Uncomment the following section (beside section #1 above) your application requires background location services (when `requireBackgroundLocation` is set to "true" in "Config.java") -->
227        <!-- <service android:name=".GPSService" -->
228        <!-- android:exported="false" -->
229        <!-- android:foregroundServiceType="location"/> -->
230
231        <service
231-->src/main/AndroidManifest.xml:159:9-165:19
232            android:name="com.webviewgold.myappname.MyFirebaseMessagingService"
232-->src/main/AndroidManifest.xml:160:13-55
233            android:exported="false" >
233-->src/main/AndroidManifest.xml:161:13-37
234            <intent-filter>
234-->src/main/AndroidManifest.xml:162:13-164:29
235                <action android:name="com.google.firebase.MESSAGING_EVENT" />
235-->src/main/AndroidManifest.xml:163:17-78
235-->src/main/AndroidManifest.xml:163:25-75
236            </intent-filter>
237        </service>
238
239        <receiver
239-->[com.onesignal:OneSignal:4.8.11] AndroidManifest.xml:50:9-61:20
240            android:name="com.onesignal.FCMBroadcastReceiver"
240-->[com.onesignal:OneSignal:4.8.11] AndroidManifest.xml:51:13-62
241            android:exported="true"
241-->[com.onesignal:OneSignal:4.8.11] AndroidManifest.xml:52:13-36
242            android:permission="com.google.android.c2dm.permission.SEND" >
242-->[com.onesignal:OneSignal:4.8.11] AndroidManifest.xml:53:13-73
243
244            <!-- High priority so OneSignal payloads can be filtered from other FCM receivers -->
245            <intent-filter android:priority="999" >
245-->[com.onesignal:OneSignal:4.8.11] AndroidManifest.xml:56:13-60:29
245-->[com.onesignal:OneSignal:4.8.11] AndroidManifest.xml:56:28-50
246                <action android:name="com.google.android.c2dm.intent.RECEIVE" />
246-->[com.onesignal:OneSignal:4.8.11] AndroidManifest.xml:57:17-81
246-->[com.onesignal:OneSignal:4.8.11] AndroidManifest.xml:57:25-78
247
248                <category android:name="com.webviewgold.myappname" />
248-->[com.onesignal:OneSignal:4.8.11] AndroidManifest.xml:59:17-61
248-->[com.onesignal:OneSignal:4.8.11] AndroidManifest.xml:59:27-58
249            </intent-filter>
250        </receiver>
251
252        <service
252-->[com.onesignal:OneSignal:4.8.11] AndroidManifest.xml:63:9-69:19
253            android:name="com.onesignal.HmsMessageServiceOneSignal"
253-->[com.onesignal:OneSignal:4.8.11] AndroidManifest.xml:64:13-68
254            android:exported="false" >
254-->[com.onesignal:OneSignal:4.8.11] AndroidManifest.xml:65:13-37
255            <intent-filter>
255-->[com.onesignal:OneSignal:4.8.11] AndroidManifest.xml:66:13-68:29
256                <action android:name="com.huawei.push.action.MESSAGING_EVENT" />
256-->[com.onesignal:OneSignal:4.8.11] AndroidManifest.xml:67:17-81
256-->[com.onesignal:OneSignal:4.8.11] AndroidManifest.xml:67:25-78
257            </intent-filter>
258        </service>
259
260        <activity
260-->[com.onesignal:OneSignal:4.8.11] AndroidManifest.xml:71:9-79:20
261            android:name="com.onesignal.NotificationOpenedActivityHMS"
261-->[com.onesignal:OneSignal:4.8.11] AndroidManifest.xml:72:13-71
262            android:exported="true"
262-->[com.onesignal:OneSignal:4.8.11] AndroidManifest.xml:73:13-36
263            android:noHistory="true"
263-->[com.onesignal:OneSignal:4.8.11] AndroidManifest.xml:74:13-37
264            android:theme="@android:style/Theme.Translucent.NoTitleBar" >
264-->[com.onesignal:OneSignal:4.8.11] AndroidManifest.xml:75:13-72
265            <intent-filter>
265-->[com.onesignal:OneSignal:4.8.11] AndroidManifest.xml:76:13-78:29
266                <action android:name="android.intent.action.VIEW" />
266-->src/main/AndroidManifest.xml:35:13-65
266-->src/main/AndroidManifest.xml:35:21-62
267            </intent-filter>
268        </activity>
269
270        <service
270-->[com.onesignal:OneSignal:4.8.11] AndroidManifest.xml:81:9-83:40
271            android:name="com.onesignal.FCMIntentService"
271-->[com.onesignal:OneSignal:4.8.11] AndroidManifest.xml:82:13-58
272            android:exported="false" />
272-->[com.onesignal:OneSignal:4.8.11] AndroidManifest.xml:83:13-37
273        <service
273-->[com.onesignal:OneSignal:4.8.11] AndroidManifest.xml:84:9-87:72
274            android:name="com.onesignal.FCMIntentJobService"
274-->[com.onesignal:OneSignal:4.8.11] AndroidManifest.xml:85:13-61
275            android:exported="false"
275-->[com.onesignal:OneSignal:4.8.11] AndroidManifest.xml:86:13-37
276            android:permission="android.permission.BIND_JOB_SERVICE" />
276-->[com.onesignal:OneSignal:4.8.11] AndroidManifest.xml:87:13-69
277        <service
277-->[com.onesignal:OneSignal:4.8.11] AndroidManifest.xml:88:9-91:43
278            android:name="com.onesignal.SyncService"
278-->[com.onesignal:OneSignal:4.8.11] AndroidManifest.xml:89:13-53
279            android:exported="false"
279-->[com.onesignal:OneSignal:4.8.11] AndroidManifest.xml:90:13-37
280            android:stopWithTask="true" />
280-->[com.onesignal:OneSignal:4.8.11] AndroidManifest.xml:91:13-40
281        <service
281-->[com.onesignal:OneSignal:4.8.11] AndroidManifest.xml:92:9-95:72
282            android:name="com.onesignal.SyncJobService"
282-->[com.onesignal:OneSignal:4.8.11] AndroidManifest.xml:93:13-56
283            android:exported="false"
283-->[com.onesignal:OneSignal:4.8.11] AndroidManifest.xml:94:13-37
284            android:permission="android.permission.BIND_JOB_SERVICE" />
284-->[com.onesignal:OneSignal:4.8.11] AndroidManifest.xml:95:13-69
285
286        <activity
286-->[com.onesignal:OneSignal:4.8.11] AndroidManifest.xml:97:9-100:75
287            android:name="com.onesignal.PermissionsActivity"
287-->[com.onesignal:OneSignal:4.8.11] AndroidManifest.xml:98:13-61
288            android:exported="false"
288-->[com.onesignal:OneSignal:4.8.11] AndroidManifest.xml:99:13-37
289            android:theme="@android:style/Theme.Translucent.NoTitleBar" />
289-->[com.onesignal:OneSignal:4.8.11] AndroidManifest.xml:100:13-72
290
291        <receiver
291-->[com.onesignal:OneSignal:4.8.11] AndroidManifest.xml:102:9-104:39
292            android:name="com.onesignal.NotificationDismissReceiver"
292-->[com.onesignal:OneSignal:4.8.11] AndroidManifest.xml:103:13-69
293            android:exported="true" />
293-->[com.onesignal:OneSignal:4.8.11] AndroidManifest.xml:104:13-36
294        <receiver
294-->[com.onesignal:OneSignal:4.8.11] AndroidManifest.xml:105:9-112:20
295            android:name="com.onesignal.BootUpReceiver"
295-->[com.onesignal:OneSignal:4.8.11] AndroidManifest.xml:106:13-56
296            android:exported="true" >
296-->[com.onesignal:OneSignal:4.8.11] AndroidManifest.xml:107:13-36
297            <intent-filter>
297-->[com.onesignal:OneSignal:4.8.11] AndroidManifest.xml:108:13-111:29
298                <action android:name="android.intent.action.BOOT_COMPLETED" />